<?xml version="1.0" encoding="UTF-8"?>
<testsuite xmlns:xsi="http://www.w3.org/2001/XMLSchema-instance" xsi:noNamespaceSchemaLocation="https://maven.apache.org/surefire/maven-surefire-plugin/xsd/surefire-test-report.xsd" name="PrivateBankTest" time="0.059" tests="6" errors="5" skipped="0" failures="1">
  <properties>
    <property name="java.specification.version" value="21"/>
    <property name="sun.cpu.isalist" value="amd64"/>
    <property name="sun.jnu.encoding" value="Cp1252"/>
    <property name="java.class.path" value="C:\Users\alant\IdeaProjects\OOS-P\target\test-classes;C:\Users\alant\IdeaProjects\OOS-P\target\classes;C:\Users\alant\.m2\repository\org\junit\jupiter\junit-jupiter\5.8.0\junit-jupiter-5.8.0.jar;C:\Users\alant\.m2\repository\org\junit\jupiter\junit-jupiter-api\5.8.0\junit-jupiter-api-5.8.0.jar;C:\Users\alant\.m2\repository\org\opentest4j\opentest4j\1.2.0\opentest4j-1.2.0.jar;C:\Users\alant\.m2\repository\org\junit\platform\junit-platform-commons\1.8.0\junit-platform-commons-1.8.0.jar;C:\Users\alant\.m2\repository\org\apiguardian\apiguardian-api\1.1.2\apiguardian-api-1.1.2.jar;C:\Users\alant\.m2\repository\org\junit\jupiter\junit-jupiter-params\5.8.0\junit-jupiter-params-5.8.0.jar;C:\Users\alant\.m2\repository\org\junit\jupiter\junit-jupiter-engine\5.8.0\junit-jupiter-engine-5.8.0.jar;C:\Users\alant\.m2\repository\org\junit\platform\junit-platform-engine\1.8.0\junit-platform-engine-1.8.0.jar;C:\Users\alant\.m2\repository\com\google\code\gson\gson\2.10\gson-2.10.jar;C:\Users\alant\.m2\repository\org\openjfx\javafx-controls\19\javafx-controls-19.jar;C:\Users\alant\.m2\repository\org\openjfx\javafx-controls\19\javafx-controls-19-win.jar;C:\Users\alant\.m2\repository\org\openjfx\javafx-graphics\19\javafx-graphics-19.jar;C:\Users\alant\.m2\repository\org\openjfx\javafx-graphics\19\javafx-graphics-19-win.jar;C:\Users\alant\.m2\repository\org\openjfx\javafx-base\19\javafx-base-19.jar;C:\Users\alant\.m2\repository\org\openjfx\javafx-base\19\javafx-base-19-win.jar;C:\Users\alant\.m2\repository\org\openjfx\javafx-fxml\19\javafx-fxml-19.jar;C:\Users\alant\.m2\repository\org\openjfx\javafx-fxml\19\javafx-fxml-19-win.jar;C:\Users\alant\.m2\repository\org\apache\maven\plugins\maven-site-plugin\3.12.1\maven-site-plugin-3.12.1.jar;C:\Users\alant\.m2\repository\org\apache\maven\reporting\maven-reporting-api\3.1.1\maven-reporting-api-3.1.1.jar;C:\Users\alant\.m2\repository\org\apache\maven\reporting\maven-reporting-exec\1.6.0\maven-reporting-exec-1.6.0.jar;C:\Users\alant\.m2\repository\org\apache\maven\maven-artifact\3.2.5\maven-artifact-3.2.5.jar;C:\Users\alant\.m2\repository\org\apache\maven\maven-core\3.2.5\maven-core-3.2.5.jar;C:\Users\alant\.m2\repository\org\apache\maven\maven-repository-metadata\3.2.5\maven-repository-metadata-3.2.5.jar;C:\Users\alant\.m2\repository\org\apache\maven\maven-model-builder\3.2.5\maven-model-builder-3.2.5.jar;C:\Users\alant\.m2\repository\org\apache\maven\maven-aether-provider\3.2.5\maven-aether-provider-3.2.5.jar;C:\Users\alant\.m2\repository\org\eclipse\aether\aether-spi\1.0.0.v20140518\aether-spi-1.0.0.v20140518.jar;C:\Users\alant\.m2\repository\org\eclipse\aether\aether-impl\1.0.0.v20140518\aether-impl-1.0.0.v20140518.jar;C:\Users\alant\.m2\repository\org\eclipse\aether\aether-api\1.0.0.v20140518\aether-api-1.0.0.v20140518.jar;C:\Users\alant\.m2\repository\org\eclipse\sisu\org.eclipse.sisu.plexus\0.3.0.M1\org.eclipse.sisu.plexus-0.3.0.M1.jar;C:\Users\alant\.m2\repository\javax\enterprise\cdi-api\1.0\cdi-api-1.0.jar;C:\Users\alant\.m2\repository\javax\annotation\jsr250-api\1.0\jsr250-api-1.0.jar;C:\Users\alant\.m2\repository\org\eclipse\sisu\org.eclipse.sisu.inject\0.3.0.M1\org.eclipse.sisu.inject-0.3.0.M1.jar;C:\Users\alant\.m2\repository\org\sonatype\sisu\sisu-guice\3.2.3\sisu-guice-3.2.3-no_aop.jar;C:\Users\alant\.m2\repository\javax\inject\javax.inject\1\javax.inject-1.jar;C:\Users\alant\.m2\repository\aopalliance\aopalliance\1.0\aopalliance-1.0.jar;C:\Users\alant\.m2\repository\com\google\guava\guava\16.0.1\guava-16.0.1.jar;C:\Users\alant\.m2\repository\org\codehaus\plexus\plexus-classworlds\2.5.2\plexus-classworlds-2.5.2.jar;C:\Users\alant\.m2\repository\org\sonatype\plexus\plexus-sec-dispatcher\1.3\plexus-sec-dispatcher-1.3.jar;C:\Users\alant\.m2\repository\org\sonatype\plexus\plexus-cipher\1.4\plexus-cipher-1.4.jar;C:\Users\alant\.m2\repository\org\apache\maven\maven-model\3.2.5\maven-model-3.2.5.jar;C:\Users\alant\.m2\repository\org\apache\maven\maven-plugin-api\3.2.5\maven-plugin-api-3.2.5.jar;C:\Users\alant\.m2\repository\org\apache\maven\maven-settings\3.2.5\maven-settings-3.2.5.jar;C:\Users\alant\.m2\repository\org\apache\maven\maven-settings-builder\3.2.5\maven-settings-builder-3.2.5.jar;C:\Users\alant\.m2\repository\org\eclipse\aether\aether-util\1.0.0.v20140518\aether-util-1.0.0.v20140518.jar;C:\Users\alant\.m2\repository\org\apache\maven\shared\maven-shared-utils\3.3.4\maven-shared-utils-3.3.4.jar;C:\Users\alant\.m2\repository\commons-io\commons-io\2.6\commons-io-2.6.jar;C:\Users\alant\.m2\repository\org\apache\maven\maven-archiver\3.5.2\maven-archiver-3.5.2.jar;C:\Users\alant\.m2\repository\org\apache\commons\commons-compress\1.20\commons-compress-1.20.jar;C:\Users\alant\.m2\repository\org\codehaus\plexus\plexus-interpolation\1.26\plexus-interpolation-1.26.jar;C:\Users\alant\.m2\repository\org\codehaus\plexus\plexus-archiver\4.2.7\plexus-archiver-4.2.7.jar;C:\Users\alant\.m2\repository\org\codehaus\plexus\plexus-io\3.2.0\plexus-io-3.2.0.jar;C:\Users\alant\.m2\repository\org\iq80\snappy\snappy\0.4\snappy-0.4.jar;C:\Users\alant\.m2\repository\org\tukaani\xz\1.9\xz-1.9.jar;C:\Users\alant\.m2\repository\org\codehaus\plexus\plexus-i18n\1.0-beta-10\plexus-i18n-1.0-beta-10.jar;C:\Users\alant\.m2\repository\org\codehaus\plexus\plexus-utils\3.4.2\plexus-utils-3.4.2.jar;C:\Users\alant\.m2\repository\org\apache\maven\doxia\doxia-sink-api\1.11.1\doxia-sink-api-1.11.1.jar;C:\Users\alant\.m2\repository\org\apache\maven\doxia\doxia-logging-api\1.11.1\doxia-logging-api-1.11.1.jar;C:\Users\alant\.m2\repository\org\apache\maven\doxia\doxia-core\1.11.1\doxia-core-1.11.1.jar;C:\Users\alant\.m2\repository\org\codehaus\plexus\plexus-container-default\2.1.0\plexus-container-default-2.1.0.jar;C:\Users\alant\.m2\repository\org\apache\xbean\xbean-reflect\3.7\xbean-reflect-3.7.jar;C:\Users\alant\.m2\repository\com\google\collections\google-collections\1.0\google-collections-1.0.jar;C:\Users\alant\.m2\repository\org\codehaus\plexus\plexus-component-annotations\2.1.0\plexus-component-annotations-2.1.0.jar;C:\Users\alant\.m2\repository\org\apache\commons\commons-lang3\3.8.1\commons-lang3-3.8.1.jar;C:\Users\alant\.m2\repository\org\apache\commons\commons-text\1.3\commons-text-1.3.jar;C:\Users\alant\.m2\repository\org\apache\httpcomponents\httpclient\4.5.13\httpclient-4.5.13.jar;C:\Users\alant\.m2\repository\commons-logging\commons-logging\1.2\commons-logging-1.2.jar;C:\Users\alant\.m2\repository\commons-codec\commons-codec\1.11\commons-codec-1.11.jar;C:\Users\alant\.m2\repository\org\apache\httpcomponents\httpcore\4.4.14\httpcore-4.4.14.jar;C:\Users\alant\.m2\repository\org\apache\maven\doxia\doxia-module-xhtml\1.11.1\doxia-module-xhtml-1.11.1.jar;C:\Users\alant\.m2\repository\org\apache\maven\doxia\doxia-module-xhtml5\1.11.1\doxia-module-xhtml5-1.11.1.jar;C:\Users\alant\.m2\repository\org\apache\maven\doxia\doxia-module-apt\1.11.1\doxia-module-apt-1.11.1.jar;C:\Users\alant\.m2\repository\org\apache\maven\doxia\doxia-module-xdoc\1.11.1\doxia-module-xdoc-1.11.1.jar;C:\Users\alant\.m2\repository\org\apache\maven\doxia\doxia-module-fml\1.11.1\doxia-module-fml-1.11.1.jar;C:\Users\alant\.m2\repository\org\apache\maven\doxia\doxia-module-markdown\1.11.1\doxia-module-markdown-1.11.1.jar;C:\Users\alant\.m2\repository\com\vladsch\flexmark\flexmark-all\0.42.14\flexmark-all-0.42.14.jar;C:\Users\alant\.m2\repository\com\vladsch\flexmark\flexmark\0.42.14\flexmark-0.42.14.jar;C:\Users\alant\.m2\repository\com\vladsch\flexmark\flexmark-ext-abbreviation\0.42.14\flexmark-ext-abbreviation-0.42.14.jar;C:\Users\alant\.m2\repository\com\vladsch\flexmark\flexmark-ext-admonition\0.42.14\flexmark-ext-admonition-0.42.14.jar;C:\Users\alant\.m2\repository\com\vladsch\flexmark\flexmark-ext-anchorlink\0.42.14\flexmark-ext-anchorlink-0.42.14.jar;C:\Users\alant\.m2\repository\com\vladsch\flexmark\flexmark-ext-aside\0.42.14\flexmark-ext-aside-0.42.14.jar;C:\Users\alant\.m2\repository\com\vladsch\flexmark\flexmark-ext-attributes\0.42.14\flexmark-ext-attributes-0.42.14.jar;C:\Users\alant\.m2\repository\com\vladsch\flexmark\flexmark-ext-autolink\0.42.14\flexmark-ext-autolink-0.42.14.jar;C:\Users\alant\.m2\repository\org\nibor\autolink\autolink\0.6.0\autolink-0.6.0.jar;C:\Users\alant\.m2\repository\com\vladsch\flexmark\flexmark-ext-definition\0.42.14\flexmark-ext-definition-0.42.14.jar;C:\Users\alant\.m2\repository\com\vladsch\flexmark\flexmark-ext-emoji\0.42.14\flexmark-ext-emoji-0.42.14.jar;C:\Users\alant\.m2\repository\com\vladsch\flexmark\flexmark-ext-enumerated-reference\0.42.14\flexmark-ext-enumerated-reference-0.42.14.jar;C:\Users\alant\.m2\repository\com\vladsch\flexmark\flexmark-ext-escaped-character\0.42.14\flexmark-ext-escaped-character-0.42.14.jar;C:\Users\alant\.m2\repository\com\vladsch\flexmark\flexmark-ext-footnotes\0.42.14\flexmark-ext-footnotes-0.42.14.jar;C:\Users\alant\.m2\repository\com\vladsch\flexmark\flexmark-ext-gfm-issues\0.42.14\flexmark-ext-gfm-issues-0.42.14.jar;C:\Users\alant\.m2\repository\com\vladsch\flexmark\flexmark-ext-gfm-strikethrough\0.42.14\flexmark-ext-gfm-strikethrough-0.42.14.jar;C:\Users\alant\.m2\repository\com\vladsch\flexmark\flexmark-ext-gfm-tables\0.42.14\flexmark-ext-gfm-tables-0.42.14.jar;C:\Users\alant\.m2\repository\com\vladsch\flexmark\flexmark-ext-gfm-tasklist\0.42.14\flexmark-ext-gfm-tasklist-0.42.14.jar;C:\Users\alant\.m2\repository\com\vladsch\flexmark\flexmark-ext-gfm-users\0.42.14\flexmark-ext-gfm-users-0.42.14.jar;C:\Users\alant\.m2\repository\com\vladsch\flexmark\flexmark-ext-gitlab\0.42.14\flexmark-ext-gitlab-0.42.14.jar;C:\Users\alant\.m2\repository\com\vladsch\flexmark\flexmark-ext-jekyll-front-matter\0.42.14\flexmark-ext-jekyll-front-matter-0.42.14.jar;C:\Users\alant\.m2\repository\com\vladsch\flexmark\flexmark-ext-jekyll-tag\0.42.14\flexmark-ext-jekyll-tag-0.42.14.jar;C:\Users\alant\.m2\repository\com\vladsch\flexmark\flexmark-ext-media-tags\0.42.14\flexmark-ext-media-tags-0.42.14.jar;C:\Users\alant\.m2\repository\com\vladsch\flexmark\flexmark-ext-macros\0.42.14\flexmark-ext-macros-0.42.14.jar;C:\Users\alant\.m2\repository\com\vladsch\flexmark\flexmark-ext-ins\0.42.14\flexmark-ext-ins-0.42.14.jar;C:\Users\alant\.m2\repository\com\vladsch\flexmark\flexmark-ext-xwiki-macros\0.42.14\flexmark-ext-xwiki-macros-0.42.14.jar;C:\Users\alant\.m2\repository\com\vladsch\flexmark\flexmark-ext-superscript\0.42.14\flexmark-ext-superscript-0.42.14.jar;C:\Users\alant\.m2\repository\com\vladsch\flexmark\flexmark-ext-tables\0.42.14\flexmark-ext-tables-0.42.14.jar;C:\Users\alant\.m2\repository\com\vladsch\flexmark\flexmark-ext-toc\0.42.14\flexmark-ext-toc-0.42.14.jar;C:\Users\alant\.m2\repository\com\vladsch\flexmark\flexmark-ext-typographic\0.42.14\flexmark-ext-typographic-0.42.14.jar;C:\Users\alant\.m2\repository\com\vladsch\flexmark\flexmark-ext-wikilink\0.42.14\flexmark-ext-wikilink-0.42.14.jar;C:\Users\alant\.m2\repository\com\vladsch\flexmark\flexmark-ext-yaml-front-matter\0.42.14\flexmark-ext-yaml-front-matter-0.42.14.jar;C:\Users\alant\.m2\repository\com\vladsch\flexmark\flexmark-ext-youtube-embedded\0.42.14\flexmark-ext-youtube-embedded-0.42.14.jar;C:\Users\alant\.m2\repository\com\vladsch\flexmark\flexmark-formatter\0.42.14\flexmark-formatter-0.42.14.jar;C:\Users\alant\.m2\repository\com\vladsch\flexmark\flexmark-html-parser\0.42.14\flexmark-html-parser-0.42.14.jar;C:\Users\alant\.m2\repository\org\jsoup\jsoup\1.10.2\jsoup-1.10.2.jar;C:\Users\alant\.m2\repository\com\vladsch\flexmark\flexmark-jira-converter\0.42.14\flexmark-jira-converter-0.42.14.jar;C:\Users\alant\.m2\repository\com\vladsch\flexmark\flexmark-profile-pegdown\0.42.14\flexmark-profile-pegdown-0.42.14.jar;C:\Users\alant\.m2\repository\com\vladsch\flexmark\flexmark-util\0.42.14\flexmark-util-0.42.14.jar;C:\Users\alant\.m2\repository\com\vladsch\flexmark\flexmark-youtrack-converter\0.42.14\flexmark-youtrack-converter-0.42.14.jar;C:\Users\alant\.m2\repository\org\apache\maven\doxia\doxia-module-confluence\1.11.1\doxia-module-confluence-1.11.1.jar;C:\Users\alant\.m2\repository\org\apache\maven\doxia\doxia-module-docbook-simple\1.11.1\doxia-module-docbook-simple-1.11.1.jar;C:\Users\alant\.m2\repository\org\apache\maven\doxia\doxia-module-twiki\1.11.1\doxia-module-twiki-1.11.1.jar;C:\Users\alant\.m2\repository\org\apache\maven\doxia\doxia-decoration-model\1.11.1\doxia-decoration-model-1.11.1.jar;C:\Users\alant\.m2\repository\org\apache\maven\doxia\doxia-site-renderer\1.11.1\doxia-site-renderer-1.11.1.jar;C:\Users\alant\.m2\repository\org\apache\maven\doxia\doxia-skin-model\1.11.1\doxia-skin-model-1.11.1.jar;C:\Users\alant\.m2\repository\org\codehaus\plexus\plexus-velocity\1.2\plexus-velocity-1.2.jar;C:\Users\alant\.m2\repository\org\apache\velocity\velocity\1.7\velocity-1.7.jar;C:\Users\alant\.m2\repository\commons-lang\commons-lang\2.4\commons-lang-2.4.jar;C:\Users\alant\.m2\repository\org\apache\velocity\velocity-tools\2.0\velocity-tools-2.0.jar;C:\Users\alant\.m2\repository\commons-beanutils\commons-beanutils\1.7.0\commons-beanutils-1.7.0.jar;C:\Users\alant\.m2\repository\commons-digester\commons-digester\1.8\commons-digester-1.8.jar;C:\Users\alant\.m2\repository\commons-chain\commons-chain\1.1\commons-chain-1.1.jar;C:\Users\alant\.m2\repository\dom4j\dom4j\1.1\dom4j-1.1.jar;C:\Users\alant\.m2\repository\oro\oro\2.0.8\oro-2.0.8.jar;C:\Users\alant\.m2\repository\commons-collections\commons-collections\3.2.2\commons-collections-3.2.2.jar;C:\Users\alant\.m2\repository\org\apache\maven\doxia\doxia-integration-tools\1.11.1\doxia-integration-tools-1.11.1.jar;C:\Users\alant\.m2\repository\org\eclipse\jetty\jetty-server\9.4.46.v20220331\jetty-server-9.4.46.v20220331.jar;C:\Users\alant\.m2\repository\javax\servlet\javax.servlet-api\3.1.0\javax.servlet-api-3.1.0.jar;C:\Users\alant\.m2\repository\org\eclipse\jetty\jetty-http\9.4.46.v20220331\jetty-http-9.4.46.v20220331.jar;C:\Users\alant\.m2\repository\org\eclipse\jetty\jetty-io\9.4.46.v20220331\jetty-io-9.4.46.v20220331.jar;C:\Users\alant\.m2\repository\org\eclipse\jetty\jetty-servlet\9.4.46.v20220331\jetty-servlet-9.4.46.v20220331.jar;C:\Users\alant\.m2\repository\org\eclipse\jetty\jetty-security\9.4.46.v20220331\jetty-security-9.4.46.v20220331.jar;C:\Users\alant\.m2\repository\org\eclipse\jetty\jetty-util-ajax\9.4.46.v20220331\jetty-util-ajax-9.4.46.v20220331.jar;C:\Users\alant\.m2\repository\org\eclipse\jetty\jetty-webapp\9.4.46.v20220331\jetty-webapp-9.4.46.v20220331.jar;C:\Users\alant\.m2\repository\org\eclipse\jetty\jetty-xml\9.4.46.v20220331\jetty-xml-9.4.46.v20220331.jar;C:\Users\alant\.m2\repository\org\eclipse\jetty\jetty-util\9.4.46.v20220331\jetty-util-9.4.46.v20220331.jar;"/>
    <property name="java.vm.vendor" value="Oracle Corporation"/>
    <property name="sun.arch.data.model" value="64"/>
    <property name="user.variant" value=""/>
    <property name="java.vendor.url" value="https://java.oracle.com/"/>
    <property name="user.timezone" value="Europe/Berlin"/>
    <property name="os.name" value="Windows 11"/>
    <property name="java.vm.specification.version" value="21"/>
    <property name="sun.java.launcher" value="SUN_STANDARD"/>
    <property name="user.country" value="DE"/>
    <property name="sun.boot.library.path" value="C:\Users\alant\.jdks\openjdk-21.0.1\bin"/>
    <property name="sun.java.command" value="C:\Users\alant\AppData\Local\Temp\surefire13050149836067085619\surefirebooter17216700404989839915.jar C:\Users\alant\AppData\Local\Temp\surefire13050149836067085619 2023-12-11T01-54-50_213-jvmRun1 surefire5520614934005936005tmp surefire_04475481824455074828tmp"/>
    <property name="jdk.debug" value="release"/>
    <property name="surefire.test.class.path" value="C:\Users\alant\IdeaProjects\OOS-P\target\test-classes;C:\Users\alant\IdeaProjects\OOS-P\target\classes;C:\Users\alant\.m2\repository\org\junit\jupiter\junit-jupiter\5.8.0\junit-jupiter-5.8.0.jar;C:\Users\alant\.m2\repository\org\junit\jupiter\junit-jupiter-api\5.8.0\junit-jupiter-api-5.8.0.jar;C:\Users\alant\.m2\repository\org\opentest4j\opentest4j\1.2.0\opentest4j-1.2.0.jar;C:\Users\alant\.m2\repository\org\junit\platform\junit-platform-commons\1.8.0\junit-platform-commons-1.8.0.jar;C:\Users\alant\.m2\repository\org\apiguardian\apiguardian-api\1.1.2\apiguardian-api-1.1.2.jar;C:\Users\alant\.m2\repository\org\junit\jupiter\junit-jupiter-params\5.8.0\junit-jupiter-params-5.8.0.jar;C:\Users\alant\.m2\repository\org\junit\jupiter\junit-jupiter-engine\5.8.0\junit-jupiter-engine-5.8.0.jar;C:\Users\alant\.m2\repository\org\junit\platform\junit-platform-engine\1.8.0\junit-platform-engine-1.8.0.jar;C:\Users\alant\.m2\repository\com\google\code\gson\gson\2.10\gson-2.10.jar;C:\Users\alant\.m2\repository\org\openjfx\javafx-controls\19\javafx-controls-19.jar;C:\Users\alant\.m2\repository\org\openjfx\javafx-controls\19\javafx-controls-19-win.jar;C:\Users\alant\.m2\repository\org\openjfx\javafx-graphics\19\javafx-graphics-19.jar;C:\Users\alant\.m2\repository\org\openjfx\javafx-graphics\19\javafx-graphics-19-win.jar;C:\Users\alant\.m2\repository\org\openjfx\javafx-base\19\javafx-base-19.jar;C:\Users\alant\.m2\repository\org\openjfx\javafx-base\19\javafx-base-19-win.jar;C:\Users\alant\.m2\repository\org\openjfx\javafx-fxml\19\javafx-fxml-19.jar;C:\Users\alant\.m2\repository\org\openjfx\javafx-fxml\19\javafx-fxml-19-win.jar;C:\Users\alant\.m2\repository\org\apache\maven\plugins\maven-site-plugin\3.12.1\maven-site-plugin-3.12.1.jar;C:\Users\alant\.m2\repository\org\apache\maven\reporting\maven-reporting-api\3.1.1\maven-reporting-api-3.1.1.jar;C:\Users\alant\.m2\repository\org\apache\maven\reporting\maven-reporting-exec\1.6.0\maven-reporting-exec-1.6.0.jar;C:\Users\alant\.m2\repository\org\apache\maven\maven-artifact\3.2.5\maven-artifact-3.2.5.jar;C:\Users\alant\.m2\repository\org\apache\maven\maven-core\3.2.5\maven-core-3.2.5.jar;C:\Users\alant\.m2\repository\org\apache\maven\maven-repository-metadata\3.2.5\maven-repository-metadata-3.2.5.jar;C:\Users\alant\.m2\repository\org\apache\maven\maven-model-builder\3.2.5\maven-model-builder-3.2.5.jar;C:\Users\alant\.m2\repository\org\apache\maven\maven-aether-provider\3.2.5\maven-aether-provider-3.2.5.jar;C:\Users\alant\.m2\repository\org\eclipse\aether\aether-spi\1.0.0.v20140518\aether-spi-1.0.0.v20140518.jar;C:\Users\alant\.m2\repository\org\eclipse\aether\aether-impl\1.0.0.v20140518\aether-impl-1.0.0.v20140518.jar;C:\Users\alant\.m2\repository\org\eclipse\aether\aether-api\1.0.0.v20140518\aether-api-1.0.0.v20140518.jar;C:\Users\alant\.m2\repository\org\eclipse\sisu\org.eclipse.sisu.plexus\0.3.0.M1\org.eclipse.sisu.plexus-0.3.0.M1.jar;C:\Users\alant\.m2\repository\javax\enterprise\cdi-api\1.0\cdi-api-1.0.jar;C:\Users\alant\.m2\repository\javax\annotation\jsr250-api\1.0\jsr250-api-1.0.jar;C:\Users\alant\.m2\repository\org\eclipse\sisu\org.eclipse.sisu.inject\0.3.0.M1\org.eclipse.sisu.inject-0.3.0.M1.jar;C:\Users\alant\.m2\repository\org\sonatype\sisu\sisu-guice\3.2.3\sisu-guice-3.2.3-no_aop.jar;C:\Users\alant\.m2\repository\javax\inject\javax.inject\1\javax.inject-1.jar;C:\Users\alant\.m2\repository\aopalliance\aopalliance\1.0\aopalliance-1.0.jar;C:\Users\alant\.m2\repository\com\google\guava\guava\16.0.1\guava-16.0.1.jar;C:\Users\alant\.m2\repository\org\codehaus\plexus\plexus-classworlds\2.5.2\plexus-classworlds-2.5.2.jar;C:\Users\alant\.m2\repository\org\sonatype\plexus\plexus-sec-dispatcher\1.3\plexus-sec-dispatcher-1.3.jar;C:\Users\alant\.m2\repository\org\sonatype\plexus\plexus-cipher\1.4\plexus-cipher-1.4.jar;C:\Users\alant\.m2\repository\org\apache\maven\maven-model\3.2.5\maven-model-3.2.5.jar;C:\Users\alant\.m2\repository\org\apache\maven\maven-plugin-api\3.2.5\maven-plugin-api-3.2.5.jar;C:\Users\alant\.m2\repository\org\apache\maven\maven-settings\3.2.5\maven-settings-3.2.5.jar;C:\Users\alant\.m2\repository\org\apache\maven\maven-settings-builder\3.2.5\maven-settings-builder-3.2.5.jar;C:\Users\alant\.m2\repository\org\eclipse\aether\aether-util\1.0.0.v20140518\aether-util-1.0.0.v20140518.jar;C:\Users\alant\.m2\repository\org\apache\maven\shared\maven-shared-utils\3.3.4\maven-shared-utils-3.3.4.jar;C:\Users\alant\.m2\repository\commons-io\commons-io\2.6\commons-io-2.6.jar;C:\Users\alant\.m2\repository\org\apache\maven\maven-archiver\3.5.2\maven-archiver-3.5.2.jar;C:\Users\alant\.m2\repository\org\apache\commons\commons-compress\1.20\commons-compress-1.20.jar;C:\Users\alant\.m2\repository\org\codehaus\plexus\plexus-interpolation\1.26\plexus-interpolation-1.26.jar;C:\Users\alant\.m2\repository\org\codehaus\plexus\plexus-archiver\4.2.7\plexus-archiver-4.2.7.jar;C:\Users\alant\.m2\repository\org\codehaus\plexus\plexus-io\3.2.0\plexus-io-3.2.0.jar;C:\Users\alant\.m2\repository\org\iq80\snappy\snappy\0.4\snappy-0.4.jar;C:\Users\alant\.m2\repository\org\tukaani\xz\1.9\xz-1.9.jar;C:\Users\alant\.m2\repository\org\codehaus\plexus\plexus-i18n\1.0-beta-10\plexus-i18n-1.0-beta-10.jar;C:\Users\alant\.m2\repository\org\codehaus\plexus\plexus-utils\3.4.2\plexus-utils-3.4.2.jar;C:\Users\alant\.m2\repository\org\apache\maven\doxia\doxia-sink-api\1.11.1\doxia-sink-api-1.11.1.jar;C:\Users\alant\.m2\repository\org\apache\maven\doxia\doxia-logging-api\1.11.1\doxia-logging-api-1.11.1.jar;C:\Users\alant\.m2\repository\org\apache\maven\doxia\doxia-core\1.11.1\doxia-core-1.11.1.jar;C:\Users\alant\.m2\repository\org\codehaus\plexus\plexus-container-default\2.1.0\plexus-container-default-2.1.0.jar;C:\Users\alant\.m2\repository\org\apache\xbean\xbean-reflect\3.7\xbean-reflect-3.7.jar;C:\Users\alant\.m2\repository\com\google\collections\google-collections\1.0\google-collections-1.0.jar;C:\Users\alant\.m2\repository\org\codehaus\plexus\plexus-component-annotations\2.1.0\plexus-component-annotations-2.1.0.jar;C:\Users\alant\.m2\repository\org\apache\commons\commons-lang3\3.8.1\commons-lang3-3.8.1.jar;C:\Users\alant\.m2\repository\org\apache\commons\commons-text\1.3\commons-text-1.3.jar;C:\Users\alant\.m2\repository\org\apache\httpcomponents\httpclient\4.5.13\httpclient-4.5.13.jar;C:\Users\alant\.m2\repository\commons-logging\commons-logging\1.2\commons-logging-1.2.jar;C:\Users\alant\.m2\repository\commons-codec\commons-codec\1.11\commons-codec-1.11.jar;C:\Users\alant\.m2\repository\org\apache\httpcomponents\httpcore\4.4.14\httpcore-4.4.14.jar;C:\Users\alant\.m2\repository\org\apache\maven\doxia\doxia-module-xhtml\1.11.1\doxia-module-xhtml-1.11.1.jar;C:\Users\alant\.m2\repository\org\apache\maven\doxia\doxia-module-xhtml5\1.11.1\doxia-module-xhtml5-1.11.1.jar;C:\Users\alant\.m2\repository\org\apache\maven\doxia\doxia-module-apt\1.11.1\doxia-module-apt-1.11.1.jar;C:\Users\alant\.m2\repository\org\apache\maven\doxia\doxia-module-xdoc\1.11.1\doxia-module-xdoc-1.11.1.jar;C:\Users\alant\.m2\repository\org\apache\maven\doxia\doxia-module-fml\1.11.1\doxia-module-fml-1.11.1.jar;C:\Users\alant\.m2\repository\org\apache\maven\doxia\doxia-module-markdown\1.11.1\doxia-module-markdown-1.11.1.jar;C:\Users\alant\.m2\repository\com\vladsch\flexmark\flexmark-all\0.42.14\flexmark-all-0.42.14.jar;C:\Users\alant\.m2\repository\com\vladsch\flexmark\flexmark\0.42.14\flexmark-0.42.14.jar;C:\Users\alant\.m2\repository\com\vladsch\flexmark\flexmark-ext-abbreviation\0.42.14\flexmark-ext-abbreviation-0.42.14.jar;C:\Users\alant\.m2\repository\com\vladsch\flexmark\flexmark-ext-admonition\0.42.14\flexmark-ext-admonition-0.42.14.jar;C:\Users\alant\.m2\repository\com\vladsch\flexmark\flexmark-ext-anchorlink\0.42.14\flexmark-ext-anchorlink-0.42.14.jar;C:\Users\alant\.m2\repository\com\vladsch\flexmark\flexmark-ext-aside\0.42.14\flexmark-ext-aside-0.42.14.jar;C:\Users\alant\.m2\repository\com\vladsch\flexmark\flexmark-ext-attributes\0.42.14\flexmark-ext-attributes-0.42.14.jar;C:\Users\alant\.m2\repository\com\vladsch\flexmark\flexmark-ext-autolink\0.42.14\flexmark-ext-autolink-0.42.14.jar;C:\Users\alant\.m2\repository\org\nibor\autolink\autolink\0.6.0\autolink-0.6.0.jar;C:\Users\alant\.m2\repository\com\vladsch\flexmark\flexmark-ext-definition\0.42.14\flexmark-ext-definition-0.42.14.jar;C:\Users\alant\.m2\repository\com\vladsch\flexmark\flexmark-ext-emoji\0.42.14\flexmark-ext-emoji-0.42.14.jar;C:\Users\alant\.m2\repository\com\vladsch\flexmark\flexmark-ext-enumerated-reference\0.42.14\flexmark-ext-enumerated-reference-0.42.14.jar;C:\Users\alant\.m2\repository\com\vladsch\flexmark\flexmark-ext-escaped-character\0.42.14\flexmark-ext-escaped-character-0.42.14.jar;C:\Users\alant\.m2\repository\com\vladsch\flexmark\flexmark-ext-footnotes\0.42.14\flexmark-ext-footnotes-0.42.14.jar;C:\Users\alant\.m2\repository\com\vladsch\flexmark\flexmark-ext-gfm-issues\0.42.14\flexmark-ext-gfm-issues-0.42.14.jar;C:\Users\alant\.m2\repository\com\vladsch\flexmark\flexmark-ext-gfm-strikethrough\0.42.14\flexmark-ext-gfm-strikethrough-0.42.14.jar;C:\Users\alant\.m2\repository\com\vladsch\flexmark\flexmark-ext-gfm-tables\0.42.14\flexmark-ext-gfm-tables-0.42.14.jar;C:\Users\alant\.m2\repository\com\vladsch\flexmark\flexmark-ext-gfm-tasklist\0.42.14\flexmark-ext-gfm-tasklist-0.42.14.jar;C:\Users\alant\.m2\repository\com\vladsch\flexmark\flexmark-ext-gfm-users\0.42.14\flexmark-ext-gfm-users-0.42.14.jar;C:\Users\alant\.m2\repository\com\vladsch\flexmark\flexmark-ext-gitlab\0.42.14\flexmark-ext-gitlab-0.42.14.jar;C:\Users\alant\.m2\repository\com\vladsch\flexmark\flexmark-ext-jekyll-front-matter\0.42.14\flexmark-ext-jekyll-front-matter-0.42.14.jar;C:\Users\alant\.m2\repository\com\vladsch\flexmark\flexmark-ext-jekyll-tag\0.42.14\flexmark-ext-jekyll-tag-0.42.14.jar;C:\Users\alant\.m2\repository\com\vladsch\flexmark\flexmark-ext-media-tags\0.42.14\flexmark-ext-media-tags-0.42.14.jar;C:\Users\alant\.m2\repository\com\vladsch\flexmark\flexmark-ext-macros\0.42.14\flexmark-ext-macros-0.42.14.jar;C:\Users\alant\.m2\repository\com\vladsch\flexmark\flexmark-ext-ins\0.42.14\flexmark-ext-ins-0.42.14.jar;C:\Users\alant\.m2\repository\com\vladsch\flexmark\flexmark-ext-xwiki-macros\0.42.14\flexmark-ext-xwiki-macros-0.42.14.jar;C:\Users\alant\.m2\repository\com\vladsch\flexmark\flexmark-ext-superscript\0.42.14\flexmark-ext-superscript-0.42.14.jar;C:\Users\alant\.m2\repository\com\vladsch\flexmark\flexmark-ext-tables\0.42.14\flexmark-ext-tables-0.42.14.jar;C:\Users\alant\.m2\repository\com\vladsch\flexmark\flexmark-ext-toc\0.42.14\flexmark-ext-toc-0.42.14.jar;C:\Users\alant\.m2\repository\com\vladsch\flexmark\flexmark-ext-typographic\0.42.14\flexmark-ext-typographic-0.42.14.jar;C:\Users\alant\.m2\repository\com\vladsch\flexmark\flexmark-ext-wikilink\0.42.14\flexmark-ext-wikilink-0.42.14.jar;C:\Users\alant\.m2\repository\com\vladsch\flexmark\flexmark-ext-yaml-front-matter\0.42.14\flexmark-ext-yaml-front-matter-0.42.14.jar;C:\Users\alant\.m2\repository\com\vladsch\flexmark\flexmark-ext-youtube-embedded\0.42.14\flexmark-ext-youtube-embedded-0.42.14.jar;C:\Users\alant\.m2\repository\com\vladsch\flexmark\flexmark-formatter\0.42.14\flexmark-formatter-0.42.14.jar;C:\Users\alant\.m2\repository\com\vladsch\flexmark\flexmark-html-parser\0.42.14\flexmark-html-parser-0.42.14.jar;C:\Users\alant\.m2\repository\org\jsoup\jsoup\1.10.2\jsoup-1.10.2.jar;C:\Users\alant\.m2\repository\com\vladsch\flexmark\flexmark-jira-converter\0.42.14\flexmark-jira-converter-0.42.14.jar;C:\Users\alant\.m2\repository\com\vladsch\flexmark\flexmark-profile-pegdown\0.42.14\flexmark-profile-pegdown-0.42.14.jar;C:\Users\alant\.m2\repository\com\vladsch\flexmark\flexmark-util\0.42.14\flexmark-util-0.42.14.jar;C:\Users\alant\.m2\repository\com\vladsch\flexmark\flexmark-youtrack-converter\0.42.14\flexmark-youtrack-converter-0.42.14.jar;C:\Users\alant\.m2\repository\org\apache\maven\doxia\doxia-module-confluence\1.11.1\doxia-module-confluence-1.11.1.jar;C:\Users\alant\.m2\repository\org\apache\maven\doxia\doxia-module-docbook-simple\1.11.1\doxia-module-docbook-simple-1.11.1.jar;C:\Users\alant\.m2\repository\org\apache\maven\doxia\doxia-module-twiki\1.11.1\doxia-module-twiki-1.11.1.jar;C:\Users\alant\.m2\repository\org\apache\maven\doxia\doxia-decoration-model\1.11.1\doxia-decoration-model-1.11.1.jar;C:\Users\alant\.m2\repository\org\apache\maven\doxia\doxia-site-renderer\1.11.1\doxia-site-renderer-1.11.1.jar;C:\Users\alant\.m2\repository\org\apache\maven\doxia\doxia-skin-model\1.11.1\doxia-skin-model-1.11.1.jar;C:\Users\alant\.m2\repository\org\codehaus\plexus\plexus-velocity\1.2\plexus-velocity-1.2.jar;C:\Users\alant\.m2\repository\org\apache\velocity\velocity\1.7\velocity-1.7.jar;C:\Users\alant\.m2\repository\commons-lang\commons-lang\2.4\commons-lang-2.4.jar;C:\Users\alant\.m2\repository\org\apache\velocity\velocity-tools\2.0\velocity-tools-2.0.jar;C:\Users\alant\.m2\repository\commons-beanutils\commons-beanutils\1.7.0\commons-beanutils-1.7.0.jar;C:\Users\alant\.m2\repository\commons-digester\commons-digester\1.8\commons-digester-1.8.jar;C:\Users\alant\.m2\repository\commons-chain\commons-chain\1.1\commons-chain-1.1.jar;C:\Users\alant\.m2\repository\dom4j\dom4j\1.1\dom4j-1.1.jar;C:\Users\alant\.m2\repository\oro\oro\2.0.8\oro-2.0.8.jar;C:\Users\alant\.m2\repository\commons-collections\commons-collections\3.2.2\commons-collections-3.2.2.jar;C:\Users\alant\.m2\repository\org\apache\maven\doxia\doxia-integration-tools\1.11.1\doxia-integration-tools-1.11.1.jar;C:\Users\alant\.m2\repository\org\eclipse\jetty\jetty-server\9.4.46.v20220331\jetty-server-9.4.46.v20220331.jar;C:\Users\alant\.m2\repository\javax\servlet\javax.servlet-api\3.1.0\javax.servlet-api-3.1.0.jar;C:\Users\alant\.m2\repository\org\eclipse\jetty\jetty-http\9.4.46.v20220331\jetty-http-9.4.46.v20220331.jar;C:\Users\alant\.m2\repository\org\eclipse\jetty\jetty-io\9.4.46.v20220331\jetty-io-9.4.46.v20220331.jar;C:\Users\alant\.m2\repository\org\eclipse\jetty\jetty-servlet\9.4.46.v20220331\jetty-servlet-9.4.46.v20220331.jar;C:\Users\alant\.m2\repository\org\eclipse\jetty\jetty-security\9.4.46.v20220331\jetty-security-9.4.46.v20220331.jar;C:\Users\alant\.m2\repository\org\eclipse\jetty\jetty-util-ajax\9.4.46.v20220331\jetty-util-ajax-9.4.46.v20220331.jar;C:\Users\alant\.m2\repository\org\eclipse\jetty\jetty-webapp\9.4.46.v20220331\jetty-webapp-9.4.46.v20220331.jar;C:\Users\alant\.m2\repository\org\eclipse\jetty\jetty-xml\9.4.46.v20220331\jetty-xml-9.4.46.v20220331.jar;C:\Users\alant\.m2\repository\org\eclipse\jetty\jetty-util\9.4.46.v20220331\jetty-util-9.4.46.v20220331.jar;"/>
    <property name="sun.cpu.endian" value="little"/>
    <property name="user.home" value="C:\Users\alant"/>
    <property name="user.language" value="de"/>
    <property name="java.specification.vendor" value="Oracle Corporation"/>
    <property name="java.version.date" value="2023-10-17"/>
    <property name="java.home" value="C:\Users\alant\.jdks\openjdk-21.0.1"/>
    <property name="file.separator" value="\"/>
    <property name="basedir" value="C:\Users\alant\IdeaProjects\OOS-P"/>
    <property name="java.vm.compressedOopsMode" value="Zero based"/>
    <property name="line.separator" value="&#10;"/>
    <property name="java.vm.specification.vendor" value="Oracle Corporation"/>
    <property name="java.specification.name" value="Java Platform API Specification"/>
    <property name="surefire.real.class.path" value="C:\Users\alant\AppData\Local\Temp\surefire13050149836067085619\surefirebooter17216700404989839915.jar"/>
    <property name="user.script" value=""/>
    <property name="sun.management.compiler" value="HotSpot 64-Bit Tiered Compilers"/>
    <property name="java.runtime.version" value="21.0.1+12-29"/>
    <property name="user.name" value="alant"/>
    <property name="stdout.encoding" value="Cp1252"/>
    <property name="path.separator" value=";"/>
    <property name="os.version" value="10.0"/>
    <property name="java.runtime.name" value="OpenJDK Runtime Environment"/>
    <property name="file.encoding" value="UTF-8"/>
    <property name="java.vm.name" value="OpenJDK 64-Bit Server VM"/>
    <property name="localRepository" value="C:\Users\alant\.m2\repository"/>
    <property name="java.vendor.url.bug" value="https://bugreport.java.com/bugreport/"/>
    <property name="java.io.tmpdir" value="C:\Users\alant\AppData\Local\Temp\"/>
    <property name="idea.version" value="2023.3"/>
    <property name="java.version" value="21.0.1"/>
    <property name="user.dir" value="C:\Users\alant\IdeaProjects\OOS-P"/>
    <property name="os.arch" value="amd64"/>
    <property name="java.vm.specification.name" value="Java Virtual Machine Specification"/>
    <property name="sun.os.patch.level" value=""/>
    <property name="native.encoding" value="Cp1252"/>
    <property name="java.library.path" value="C:\Users\alant\.jdks\openjdk-21.0.1\bin;C:\WINDOWS\Sun\Java\bin;C:\WINDOWS\system32;C:\WINDOWS;C:\Program Files\Common Files\Oracle\Java\javapath;C:\Program Files (x86)\Common Files\Oracle\Java\javapath;C:\Program Files (x86)\Razer Chroma SDK\bin;C:\Program Files\Razer Chroma SDK\bin;C:\Program Files (x86)\Razer\ChromaBroadcast\bin;C:\Program Files\Razer\ChromaBroadcast\bin;C:\WINDOWS\system32;C:\WINDOWS;C:\WINDOWS\System32\Wbem;C:\WINDOWS\System32\WindowsPowerShell\v1.0\;C:\WINDOWS\System32\OpenSSH\;C:\Program Files\Intel\WiFi\bin\;C:\Program Files\Common Files\Intel\WirelessCommon\;C:\Program Files\nodejs\;C:\Program Files\Microsoft SQL Server\130\Tools\Binn\;C:\Users\alant\AppData\Local\Microsoft\WindowsApps;C:\Users\alant\AppData\Roaming\npm;C:\Users\alant\.dotnet\tools;C:\WINDOWS\system32\config\systemprofile\AppData\Local\Microsoft\WindowsApps;C:\Program Files\Microsoft SQL Server\150\Tools\Binn\;C:\Program Files\Microsoft SQL Server\Client SDK\ODBC\170\Tools\Binn\;C:\WINDOWS\system32;C:\WINDOWS;C:\WINDOWS\System32\Wbem;C:\WINDOWS\System32\WindowsPowerShell\v1.0\;C:\WINDOWS\System32\OpenSSH\;C:\Program Files\Git\cmd;C:\Program Files\Java\jdk-21\bin;C:\Users\alant\AppData\Local\Microsoft\WindowsApps;C:\Program Files\Intel\WiFi\bin\;C:\Program Files\Common Files\Intel\WirelessCommon\;C:\Users\alant\AppData\Roaming\npm;D:\Quartus 2\modelsim_ase\win32aloem;D:\Quartus 2\modelsim_ae\win32aloem;;."/>
    <property name="java.vm.info" value="mixed mode, sharing"/>
    <property name="stderr.encoding" value="Cp1252"/>
    <property name="java.vendor" value="Oracle Corporation"/>
    <property name="java.vm.version" value="21.0.1+12-29"/>
    <property name="sun.io.unicode.encoding" value="UnicodeLittle"/>
    <property name="java.class.version" value="65.0"/>
  </properties>
  <testcase name="TestCreateAccount" classname="PrivateBankTest" time="0.043">
    <failure message="testacc (1 failure)&#10;	bank.exceptions.AccountAlreadyExistsException: Exception thrown: Account existiert schon." type="org.opentest4j.MultipleFailuresError">org.opentest4j.MultipleFailuresError: 
testacc (1 failure)
	bank.exceptions.AccountAlreadyExistsException: Exception thrown: Account existiert schon.
	at PrivateBankTest.TestCreateAccount(PrivateBankTest.java:41)
</failure>
    <system-err><![CDATA[Fehler beim erstellen des Verzeichnisses C:\Users\alant\IdeaProjects\OOS-P\JsonFiles\testfiles
]]></system-err>
  </testcase>
  <testcase name="TestEquals" classname="PrivateBankTest" time="0.006">
    <error message="Exception thrown: Account existiert schon." type="bank.exceptions.AccountAlreadyExistsException">bank.exceptions.AccountAlreadyExistsException: Exception thrown: Account existiert schon.
	at PrivateBankTest.TestEquals(PrivateBankTest.java:127)
</error>
    <system-err><![CDATA[Fehler beim erstellen des Verzeichnisses C:\Users\alant\IdeaProjects\OOS-P\JsonFiles\testfiles
Fehler beim erstellen des Verzeichnisses C:\Users\alant\IdeaProjects\OOS-P\JsonFiles\testfiles
Fehler beim erstellen des Verzeichnisses C:\Users\alant\IdeaProjects\OOS-P\JsonFiles\testfiles
Fehler beim erstellen des Verzeichnisses C:\Users\alant\IdeaProjects\OOS-P\JsonFiles\testtmp
Fehler beim erstellen des Verzeichnisses C:\Users\alant\IdeaProjects\OOS-P\JsonFiles\testtmp
Fehler beim erstellen des Verzeichnisses C:\Users\alant\IdeaProjects\OOS-P\JsonFiles\testtmp
]]></system-err>
  </testcase>
  <testcase name="TestCreateAccountWithTransactions" classname="PrivateBankTest" time="0.002">
    <error message="Exception thrown: Account existiert schon." type="bank.exceptions.AccountAlreadyExistsException">bank.exceptions.AccountAlreadyExistsException: Exception thrown: Account existiert schon.
	at PrivateBankTest.TestCreateAccountWithTransactions(PrivateBankTest.java:54)
</error>
    <system-err><![CDATA[Fehler beim erstellen des Verzeichnisses C:\Users\alant\IdeaProjects\OOS-P\JsonFiles\testfiles
]]></system-err>
  </testcase>
  <testcase name="TestRemoveTransaction" classname="PrivateBankTest" time="0.002">
    <error message="Exception thrown: Account existiert schon." type="bank.exceptions.AccountAlreadyExistsException">bank.exceptions.AccountAlreadyExistsException: Exception thrown: Account existiert schon.
	at PrivateBankTest.TestRemoveTransaction(PrivateBankTest.java:96)
</error>
    <system-err><![CDATA[Fehler beim erstellen des Verzeichnisses C:\Users\alant\IdeaProjects\OOS-P\JsonFiles\testfiles
]]></system-err>
  </testcase>
  <testcase name="TestAddTransactions" classname="PrivateBankTest" time="0.002">
    <error message="Exception thrown: Account existiert schon." type="bank.exceptions.AccountAlreadyExistsException">bank.exceptions.AccountAlreadyExistsException: Exception thrown: Account existiert schon.
	at PrivateBankTest.TestAddTransactions(PrivateBankTest.java:73)
</error>
    <system-err><![CDATA[Fehler beim erstellen des Verzeichnisses C:\Users\alant\IdeaProjects\OOS-P\JsonFiles\testfiles
]]></system-err>
  </testcase>
  <testcase name="TestContainsTransaction" classname="PrivateBankTest" time="0.001">
    <error message="Exception thrown: Account existiert schon." type="bank.exceptions.AccountAlreadyExistsException">bank.exceptions.AccountAlreadyExistsException: Exception thrown: Account existiert schon.
	at PrivateBankTest.TestContainsTransaction(PrivateBankTest.java:115)
</error>
    <system-err><![CDATA[Fehler beim erstellen des Verzeichnisses C:\Users\alant\IdeaProjects\OOS-P\JsonFiles\testfiles
]]></system-err>
  </testcase>
</testsuite>